Using pre-set license
Built from '2021.3/staging' branch; Version is '2021.3.21f1 (1b156197d683) revision 1774945'; Using compiler version '192829333'; Build Type 'Release'
OS: 'Windows 10  (10.0.19045) 64bit Core' Language: 'en' Physical Memory: 32715 MB
BatchMode: 1, IsHumanControllingUs: 0, StartBugReporterOnCrash: 0, Is64bit: 1, IsPro: 1

COMMAND LINE ARGUMENTS:
C:\Program Files\Unity\Hub\Editor\2021.3.21f1\Editor\Unity.exe
-adb2
-batchMode
-noUpm
-name
AssetImportWorker3
-projectPath
C:/Users/Kobe/Desktop/CSS385/Tilemaps/Tilemaps
-logFile
Logs/AssetImportWorker3.log
-srvPort
63598
Successfully changed project path to: C:/Users/Kobe/Desktop/CSS385/Tilemaps/Tilemaps
C:/Users/Kobe/Desktop/CSS385/Tilemaps/Tilemaps
[UnityMemory] Configuration Parameters - Can be set up in boot.config
    "memorysetup-bucket-allocator-granularity=16"
    "memorysetup-bucket-allocator-bucket-count=8"
    "memorysetup-bucket-allocator-block-size=33554432"
    "memorysetup-bucket-allocator-block-count=8"
    "memorysetup-main-allocator-block-size=16777216"
    "memorysetup-thread-allocator-block-size=16777216"
    "memorysetup-gfx-main-allocator-block-size=16777216"
    "memorysetup-gfx-thread-allocator-block-size=16777216"
    "memorysetup-cache-allocator-block-size=4194304"
    "memorysetup-typetree-allocator-block-size=2097152"
    "memorysetup-profiler-bucket-allocator-granularity=16"
    "memorysetup-profiler-bucket-allocator-bucket-count=8"
    "memorysetup-profiler-bucket-allocator-block-size=33554432"
    "memorysetup-profiler-bucket-allocator-block-count=8"
    "memorysetup-profiler-allocator-block-size=16777216"
    "memorysetup-profiler-editor-allocator-block-size=1048576"
    "memorysetup-temp-allocator-size-main=16777216"
    "memorysetup-job-temp-allocator-block-size=2097152"
    "memorysetup-job-temp-allocator-block-size-background=1048576"
    "memorysetup-job-temp-allocator-reduction-small-platforms=262144"
    "memorysetup-temp-allocator-size-background-worker=32768"
    "memorysetup-temp-allocator-size-job-worker=262144"
    "memorysetup-temp-allocator-size-preload-manager=33554432"
    "memorysetup-temp-allocator-size-nav-mesh-worker=65536"
    "memorysetup-temp-allocator-size-audio-worker=65536"
    "memorysetup-temp-allocator-size-cloud-worker=32768"
    "memorysetup-temp-allocator-size-gi-baking-worker=262144"
    "memorysetup-temp-allocator-size-gfx=262144"
Player connection [28688] Host "[IP] 192.168.254.10 [Port] 0 [Flags] 2 [Guid] 3746772178 [EditorId] 3746772178 [Version] 1048832 [Id] WindowsEditor(7,Solaire) [Debug] 1 [PackageName] WindowsEditor [ProjectName] Editor" joined multi-casting on [225.0.0.222:54997]...

Player connection [28688] Host "[IP] 192.168.254.10 [Port] 0 [Flags] 2 [Guid] 3746772178 [EditorId] 3746772178 [Version] 1048832 [Id] WindowsEditor(7,Solaire) [Debug] 1 [PackageName] WindowsEditor [ProjectName] Editor" joined alternative multi-casting on [225.0.0.222:34997]...

Refreshing native plugins compatible for Editor in 52.89 ms, found 2 plugins.
Preloading 0 native plugins for Editor in 0.00 ms.
Initialize engine version: 2021.3.21f1 (1b156197d683)
[Subsystems] Discovering subsystems at path C:/Program Files/Unity/Hub/Editor/2021.3.21f1/Editor/Data/Resources/UnitySubsystems
[Subsystems] Discovering subsystems at path C:/Users/Kobe/Desktop/CSS385/Tilemaps/Tilemaps/Assets
GfxDevice: creating device client; threaded=0; jobified=0
Direct3D:
    Version:  Direct3D 11.0 [level 11.1]
    Renderer: NVIDIA GeForce RTX 3070 (ID=0x2488)
    Vendor:   NVIDIA
    VRAM:     8031 MB
    Driver:   31.0.15.3141
Initialize mono
Mono path[0] = 'C:/Program Files/Unity/Hub/Editor/2021.3.21f1/Editor/Data/Managed'
Mono path[1] = 'C:/Program Files/Unity/Hub/Editor/2021.3.21f1/Editor/Data/MonoBleedingEdge/lib/mono/unityjit-win32'
Mono config path = 'C:/Program Files/Unity/Hub/Editor/2021.3.21f1/Editor/Data/MonoBleedingEdge/etc'
Using monoOptions --debugger-agent=transport=dt_socket,embedding=1,server=y,suspend=n,address=127.0.0.1:56384
Begin MonoManager ReloadAssembly
Registering precompiled unity dll's ...
Register platform support module: C:/Program Files/Unity/Hub/Editor/2021.3.21f1/Editor/Data/PlaybackEngines/WebGLSupport/UnityEditor.WebGL.Extensions.dll
Register platform support module: C:/Program Files/Unity/Hub/Editor/2021.3.21f1/Editor/Data/PlaybackEngines/WindowsStandaloneSupport/UnityEditor.WindowsStandalone.Extensions.dll
Registered in 0.011842 seconds.
Native extension for WindowsStandalone target not found
Native extension for WebGL target not found
Refreshing native plugins compatible for Editor in 53.15 ms, found 2 plugins.
Preloading 0 native plugins for Editor in 0.00 ms.
Mono: successfully reloaded assembly
- Completed reload, in  0.736 seconds
Domain Reload Profiling:
	ReloadAssembly (737ms)
		BeginReloadAssembly (111ms)
			ExecutionOrderSort (0ms)
			DisableScriptedObjects (0ms)
			BackupInstance (0ms)
			ReleaseScriptingObjects (0ms)
			CreateAndSetChildDomain (1ms)
		EndReloadAssembly (497ms)
			LoadAssemblies (109ms)
			RebuildTransferFunctionScriptingTraits (0ms)
			SetupTypeCache (120ms)
			ReleaseScriptCaches (0ms)
			RebuildScriptCaches (30ms)
			SetupLoadedEditorAssemblies (294ms)
				LogAssemblyErrors (0ms)
				InitializePlatformSupportModulesInManaged (12ms)
				SetLoadedEditorAssemblies (0ms)
				RefreshPlugins (53ms)
				BeforeProcessingInitializeOnLoad (2ms)
				ProcessInitializeOnLoadAttributes (167ms)
				ProcessInitializeOnLoadMethodAttributes (59ms)
				AfterProcessingInitializeOnLoad (0ms)
				EditorAssembliesLoaded (0ms)
			ExecutionOrderSort2 (0ms)
			AwakeInstancesAfterBackupRestoration (0ms)
Platform modules already initialized, skipping
Registering precompiled user dll's ...
Registered in 0.006383 seconds.
Begin MonoManager ReloadAssembly
Native extension for WindowsStandalone target not found
Native extension for WebGL target not found
Refreshing native plugins compatible for Editor in 0.61 ms, found 2 plugins.
Preloading 0 native plugins for Editor in 0.00 ms.
Mono: successfully reloaded assembly
- Completed reload, in  1.333 seconds
Domain Reload Profiling:
	ReloadAssembly (1334ms)
		BeginReloadAssembly (152ms)
			ExecutionOrderSort (0ms)
			DisableScriptedObjects (8ms)
			BackupInstance (0ms)
			ReleaseScriptingObjects (0ms)
			CreateAndSetChildDomain (23ms)
		EndReloadAssembly (1062ms)
			LoadAssemblies (114ms)
			RebuildTransferFunctionScriptingTraits (0ms)
			SetupTypeCache (194ms)
			ReleaseScriptCaches (1ms)
			RebuildScriptCaches (58ms)
			SetupLoadedEditorAssemblies (677ms)
				LogAssemblyErrors (0ms)
				InitializePlatformSupportModulesInManaged (7ms)
				SetLoadedEditorAssemblies (0ms)
				RefreshPlugins (1ms)
				BeforeProcessingInitializeOnLoad (91ms)
				ProcessInitializeOnLoadAttributes (434ms)
				ProcessInitializeOnLoadMethodAttributes (134ms)
				AfterProcessingInitializeOnLoad (10ms)
				EditorAssembliesLoaded (0ms)
			ExecutionOrderSort2 (0ms)
			AwakeInstancesAfterBackupRestoration (6ms)
Platform modules already initialized, skipping
========================================================================
Worker process is ready to serve import requests
Launched and connected shader compiler UnityShaderCompiler.exe after 0.05 seconds
Refreshing native plugins compatible for Editor in 0.66 ms, found 2 plugins.
Preloading 0 native plugins for Editor in 0.00 ms.
Unloading 2276 Unused Serialized files (Serialized files now loaded: 0)
Unloading 52 unused Assets / (56.4 KB). Loaded Objects now: 2717.
Memory consumption went from 87.6 MB to 87.5 MB.
Total: 8.395300 ms (FindLiveObjects: 0.376700 ms CreateObjectMapping: 0.084800 ms MarkObjects: 7.839300 ms  DeleteObjects: 0.093200 ms)

AssetImportParameters requested are different than current active one (requested -> active):
  custom:video-decoder-ogg-theora: a1e56fd34408186e4bbccfd4996cb3dc -> 
  custom:container-muxer-webm: aa71ff27fc2769a1b78a27578f13a17b -> 
  custom:container-demuxer-webm: 4f35f7cbe854078d1ac9338744f61a02 -> 
  custom:video-encoder-webm-vp8: eb34c28f22e8b96e1ab97ce403110664 -> 
  custom:audio-encoder-webm-vorbis: bf7c407c2cedff20999df2af8eb42d56 -> 
  custom:framework-win-MediaFoundation: 216162199b28c13a410421893ffa2e32 -> 
  custom:container-demuxer-ogg: 62fdf1f143b41e24485cea50d1cbac27 -> 
  custom:video-decoder-webm-vp8: 9c59270c3fd7afecdb556c50c9e8de78 -> 
  custom:audio-decoder-ogg-vorbis: bf7c407c2cedff20999df2af8eb42d56 -> 
========================================================================
Received Import Request.
  Time since last request: 316920.837815 seconds.
  path: Assets/WhiteBox.png
  artifactKey: Guid(f721f637facd30a4eaf3a0a526184098) Importer(815301076,1909f56bfc062723c751e8b465ee728b)
Start importing Assets/WhiteBox.png using Guid(f721f637facd30a4eaf3a0a526184098) Importer(815301076,1909f56bfc062723c751e8b465ee728b)  -> (artifact id: 'e0a5462e39e3b4d5c26f1759c7c167a5') in 0.094695 seconds 
========================================================================
Received Import Request.
  Time since last request: 0.000019 seconds.
  path: Assets/Tiles.prefab
  artifactKey: Guid(1b6a0e7b7f0c6ec4f96b772dff983cf4) Importer(815301076,1909f56bfc062723c751e8b465ee728b)
Start importing Assets/Tiles.prefab using Guid(1b6a0e7b7f0c6ec4f96b772dff983cf4) Importer(815301076,1909f56bfc062723c751e8b465ee728b)  -> (artifact id: '21a632f23ed42953d87aad26dc2c7080') in 0.050356 seconds 
========================================================================
Received Import Request.
  Time since last request: 0.000043 seconds.
  path: Assets/water_surface.asset
  artifactKey: Guid(6579c465f35bb2547ac767a6c9193141) Importer(815301076,1909f56bfc062723c751e8b465ee728b)
Start importing Assets/water_surface.asset using Guid(6579c465f35bb2547ac767a6c9193141) Importer(815301076,1909f56bfc062723c751e8b465ee728b)  -> (artifact id: '00f37ce8aa5d4f768c77438a6e03e0e0') in 0.040783 seconds 
========================================================================
Received Prepare
Registering precompiled user dll's ...
Registered in 0.006130 seconds.
Begin MonoManager ReloadAssembly
Native extension for WindowsStandalone target not found
Native extension for WebGL target not found
Refreshing native plugins compatible for Editor in 0.66 ms, found 2 plugins.
Preloading 0 native plugins for Editor in 0.00 ms.
Mono: successfully reloaded assembly
- Completed reload, in  1.358 seconds
Domain Reload Profiling:
	ReloadAssembly (1359ms)
		BeginReloadAssembly (140ms)
			ExecutionOrderSort (0ms)
			DisableScriptedObjects (6ms)
			BackupInstance (0ms)
			ReleaseScriptingObjects (0ms)
			CreateAndSetChildDomain (36ms)
		EndReloadAssembly (1117ms)
			LoadAssemblies (94ms)
			RebuildTransferFunctionScriptingTraits (0ms)
			SetupTypeCache (178ms)
			ReleaseScriptCaches (1ms)
			RebuildScriptCaches (51ms)
			SetupLoadedEditorAssemblies (757ms)
				LogAssemblyErrors (0ms)
				InitializePlatformSupportModulesInManaged (9ms)
				SetLoadedEditorAssemblies (1ms)
				RefreshPlugins (1ms)
				BeforeProcessingInitializeOnLoad (74ms)
				ProcessInitializeOnLoadAttributes (469ms)
				ProcessInitializeOnLoadMethodAttributes (187ms)
				AfterProcessingInitializeOnLoad (16ms)
				EditorAssembliesLoaded (0ms)
			ExecutionOrderSort2 (0ms)
			AwakeInstancesAfterBackupRestoration (6ms)
Platform modules already initialized, skipping
Refreshing native plugins compatible for Editor in 6.82 ms, found 2 plugins.
Preloading 0 native plugins for Editor in 0.00 ms.
Unloading 2270 Unused Serialized files (Serialized files now loaded: 0)
Unloading 41 unused Assets / (24.7 KB). Loaded Objects now: 2732.
Memory consumption went from 91.1 MB to 91.0 MB.
Total: 7.570900 ms (FindLiveObjects: 0.244400 ms CreateObjectMapping: 0.051900 ms MarkObjects: 7.243000 ms  DeleteObjects: 0.030100 ms)

AssetImportParameters requested are different than current active one (requested -> active):
  custom:video-decoder-ogg-theora: a1e56fd34408186e4bbccfd4996cb3dc -> 
  custom:container-muxer-webm: aa71ff27fc2769a1b78a27578f13a17b -> 
  custom:container-demuxer-webm: 4f35f7cbe854078d1ac9338744f61a02 -> 
  custom:video-encoder-webm-vp8: eb34c28f22e8b96e1ab97ce403110664 -> 
  custom:audio-encoder-webm-vorbis: bf7c407c2cedff20999df2af8eb42d56 -> 
  custom:framework-win-MediaFoundation: 216162199b28c13a410421893ffa2e32 -> 
  custom:container-demuxer-ogg: 62fdf1f143b41e24485cea50d1cbac27 -> 
  custom:video-decoder-webm-vp8: 9c59270c3fd7afecdb556c50c9e8de78 -> 
  custom:audio-decoder-ogg-vorbis: bf7c407c2cedff20999df2af8eb42d56 -> 
========================================================================
Received Import Request.
  Time since last request: 336.172580 seconds.
  path: Assets/dirt_grass.asset
  artifactKey: Guid(4b03ddc82a0351e4ea5c4648601a5dfd) Importer(815301076,1909f56bfc062723c751e8b465ee728b)
Start importing Assets/dirt_grass.asset using Guid(4b03ddc82a0351e4ea5c4648601a5dfd) Importer(815301076,1909f56bfc062723c751e8b465ee728b)  -> (artifact id: '9732ab3c40a7feaf8604d457dfc628df') in 0.041456 seconds 
========================================================================
Received Import Request.
  Time since last request: 0.016191 seconds.
  path: Assets/rock.asset
  artifactKey: Guid(b499639e2e7c3dd4fa846dbf3e75be5e) Importer(815301076,1909f56bfc062723c751e8b465ee728b)
Start importing Assets/rock.asset using Guid(b499639e2e7c3dd4fa846dbf3e75be5e) Importer(815301076,1909f56bfc062723c751e8b465ee728b)  -> (artifact id: '069b5aa3b9de7ca8ab5d4de6df8d5ee6') in 0.014199 seconds 
========================================================================
Received Import Request.
  Time since last request: 0.000020 seconds.
  path: Assets/water.asset
  artifactKey: Guid(95cc0e5778fcb734d92cbaee1354fa1a) Importer(815301076,1909f56bfc062723c751e8b465ee728b)
Start importing Assets/water.asset using Guid(95cc0e5778fcb734d92cbaee1354fa1a) Importer(815301076,1909f56bfc062723c751e8b465ee728b)  -> (artifact id: 'd6331c99aaa67a23314a9399b91b8981') in 0.010293 seconds 
========================================================================
Received Import Request.
  Time since last request: 0.000022 seconds.
  path: Assets/Tiles.prefab
  artifactKey: Guid(1b6a0e7b7f0c6ec4f96b772dff983cf4) Importer(815301076,1909f56bfc062723c751e8b465ee728b)
Start importing Assets/Tiles.prefab using Guid(1b6a0e7b7f0c6ec4f96b772dff983cf4) Importer(815301076,1909f56bfc062723c751e8b465ee728b)  -> (artifact id: '7d700d6b62708905ea0653c19135e724') in 0.032344 seconds 
========================================================================
Received Import Request.
  Time since last request: 0.000017 seconds.
  path: Assets/Ground Tiles.prefab
  artifactKey: Guid(bcab9b43e818f4e48ae61cc8e5f47b2e) Importer(815301076,1909f56bfc062723c751e8b465ee728b)
Start importing Assets/Ground Tiles.prefab using Guid(bcab9b43e818f4e48ae61cc8e5f47b2e) Importer(815301076,1909f56bfc062723c751e8b465ee728b)  -> (artifact id: 'b3da6018935ebe4b1d75d1ec4f8a6d3e') in 0.010569 seconds 
========================================================================
Received Import Request.
  Time since last request: 0.000017 seconds.
  path: Assets/rock_path.asset
  artifactKey: Guid(ed70815c2fcf6b74091debe456c82af2) Importer(815301076,1909f56bfc062723c751e8b465ee728b)
Start importing Assets/rock_path.asset using Guid(ed70815c2fcf6b74091debe456c82af2) Importer(815301076,1909f56bfc062723c751e8b465ee728b)  -> (artifact id: '2d55aa8130a4c8708c35f59ba9ec1609') in 0.009377 seconds 
========================================================================
Received Import Request.
  Time since last request: 0.000013 seconds.
  path: Assets/water_surface.asset
  artifactKey: Guid(6579c465f35bb2547ac767a6c9193141) Importer(815301076,1909f56bfc062723c751e8b465ee728b)
Start importing Assets/water_surface.asset using Guid(6579c465f35bb2547ac767a6c9193141) Importer(815301076,1909f56bfc062723c751e8b465ee728b)  -> (artifact id: '799876e037a1f7345cf0e5086d69c728') in 0.009535 seconds 
========================================================================
Received Prepare
Registering precompiled user dll's ...
Registered in 0.005028 seconds.
Begin MonoManager ReloadAssembly
Native extension for WindowsStandalone target not found
Native extension for WebGL target not found
Refreshing native plugins compatible for Editor in 0.79 ms, found 2 plugins.
Preloading 0 native plugins for Editor in 0.00 ms.
Mono: successfully reloaded assembly
- Completed reload, in  1.252 seconds
Domain Reload Profiling:
	ReloadAssembly (1253ms)
		BeginReloadAssembly (149ms)
			ExecutionOrderSort (0ms)
			DisableScriptedObjects (6ms)
			BackupInstance (0ms)
			ReleaseScriptingObjects (0ms)
			CreateAndSetChildDomain (37ms)
		EndReloadAssembly (1004ms)
			LoadAssemblies (97ms)
			RebuildTransferFunctionScriptingTraits (0ms)
			SetupTypeCache (183ms)
			ReleaseScriptCaches (1ms)
			RebuildScriptCaches (44ms)
			SetupLoadedEditorAssemblies (645ms)
				LogAssemblyErrors (0ms)
				InitializePlatformSupportModulesInManaged (7ms)
				SetLoadedEditorAssemblies (0ms)
				RefreshPlugins (1ms)
				BeforeProcessingInitializeOnLoad (72ms)
				ProcessInitializeOnLoadAttributes (416ms)
				ProcessInitializeOnLoadMethodAttributes (140ms)
				AfterProcessingInitializeOnLoad (9ms)
				EditorAssembliesLoaded (0ms)
			ExecutionOrderSort2 (0ms)
			AwakeInstancesAfterBackupRestoration (7ms)
Platform modules already initialized, skipping
Refreshing native plugins compatible for Editor in 5.92 ms, found 2 plugins.
Preloading 0 native plugins for Editor in 0.00 ms.
Unloading 2270 Unused Serialized files (Serialized files now loaded: 0)
Unloading 41 unused Assets / (24.7 KB). Loaded Objects now: 2736.
Memory consumption went from 91.1 MB to 91.0 MB.
Total: 6.317400 ms (FindLiveObjects: 0.192400 ms CreateObjectMapping: 0.050600 ms MarkObjects: 6.036600 ms  DeleteObjects: 0.036500 ms)

AssetImportParameters requested are different than current active one (requested -> active):
  custom:video-decoder-ogg-theora: a1e56fd34408186e4bbccfd4996cb3dc -> 
  custom:container-muxer-webm: aa71ff27fc2769a1b78a27578f13a17b -> 
  custom:container-demuxer-webm: 4f35f7cbe854078d1ac9338744f61a02 -> 
  custom:video-encoder-webm-vp8: eb34c28f22e8b96e1ab97ce403110664 -> 
  custom:audio-encoder-webm-vorbis: bf7c407c2cedff20999df2af8eb42d56 -> 
  custom:framework-win-MediaFoundation: 216162199b28c13a410421893ffa2e32 -> 
  custom:container-demuxer-ogg: 62fdf1f143b41e24485cea50d1cbac27 -> 
  custom:video-decoder-webm-vp8: 9c59270c3fd7afecdb556c50c9e8de78 -> 
  custom:audio-decoder-ogg-vorbis: bf7c407c2cedff20999df2af8eb42d56 -> 
========================================================================
Received Import Request.
  Time since last request: 12.038921 seconds.
  path: Assets/dirt.asset
  artifactKey: Guid(07846eec8e0cf0444ad5ad2a5272f98f) Importer(815301076,1909f56bfc062723c751e8b465ee728b)
Start importing Assets/dirt.asset using Guid(07846eec8e0cf0444ad5ad2a5272f98f) Importer(815301076,1909f56bfc062723c751e8b465ee728b)  -> (artifact id: '935a3b7f9e790039211d137882c62aef') in 0.040211 seconds 
========================================================================
Received Import Request.
  Time since last request: 237.306347 seconds.
  path: Assets/dirt.asset
  artifactKey: Guid(07846eec8e0cf0444ad5ad2a5272f98f) Importer(815301076,1909f56bfc062723c751e8b465ee728b)
Start importing Assets/dirt.asset using Guid(07846eec8e0cf0444ad5ad2a5272f98f) Importer(815301076,1909f56bfc062723c751e8b465ee728b)  -> (artifact id: '213cff27ef107eb1676744598c47936a') in 0.006582 seconds 
========================================================================
Received Import Request.
  Time since last request: 0.001845 seconds.
  path: Assets/rock.asset
  artifactKey: Guid(b499639e2e7c3dd4fa846dbf3e75be5e) Importer(815301076,1909f56bfc062723c751e8b465ee728b)
Start importing Assets/rock.asset using Guid(b499639e2e7c3dd4fa846dbf3e75be5e) Importer(815301076,1909f56bfc062723c751e8b465ee728b)  -> (artifact id: '155c209a2cf2f01bac59aa730744e6d6') in 0.007992 seconds 
========================================================================
Received Import Request.
  Time since last request: 0.002788 seconds.
  path: Assets/rock_grass.asset
  artifactKey: Guid(5ef8cf8cf6ef3bb40b1dae0e0a225cab) Importer(815301076,1909f56bfc062723c751e8b465ee728b)
Start importing Assets/rock_grass.asset using Guid(5ef8cf8cf6ef3bb40b1dae0e0a225cab) Importer(815301076,1909f56bfc062723c751e8b465ee728b)  -> (artifact id: '6a631f492e48a95e0bd1c26e22ca5d05') in 0.007110 seconds 
========================================================================
Received Import Request.
  Time since last request: 0.000021 seconds.
  path: Assets/tileset.png
  artifactKey: Guid(d42db2722b68f60419c45ab2f768ca2a) Importer(815301076,1909f56bfc062723c751e8b465ee728b)
Start importing Assets/tileset.png using Guid(d42db2722b68f60419c45ab2f768ca2a) Importer(815301076,1909f56bfc062723c751e8b465ee728b)  -> (artifact id: 'b43dbaa035c235b0cc61d62bbd1ae409') in 0.050966 seconds 
========================================================================
Received Import Request.
  Time since last request: 0.000020 seconds.
  path: Assets/water.asset
  artifactKey: Guid(95cc0e5778fcb734d92cbaee1354fa1a) Importer(815301076,1909f56bfc062723c751e8b465ee728b)
Start importing Assets/water.asset using Guid(95cc0e5778fcb734d92cbaee1354fa1a) Importer(815301076,1909f56bfc062723c751e8b465ee728b)  -> (artifact id: '6382eceab0621a7274245978f6c32ff1') in 0.009907 seconds 
========================================================================
Received Import Request.
  Time since last request: 0.000013 seconds.
  path: Assets/rock_path.asset
  artifactKey: Guid(ed70815c2fcf6b74091debe456c82af2) Importer(815301076,1909f56bfc062723c751e8b465ee728b)
Start importing Assets/rock_path.asset using Guid(ed70815c2fcf6b74091debe456c82af2) Importer(815301076,1909f56bfc062723c751e8b465ee728b)  -> (artifact id: 'f53607177a6f65d42faaa50e67fdf7ba') in 0.005793 seconds 
========================================================================
Received Import Request.
  Time since last request: 0.000013 seconds.
  path: Assets/dirt_path.asset
  artifactKey: Guid(6171528b343013144bec2a448ec901a9) Importer(815301076,1909f56bfc062723c751e8b465ee728b)
Start importing Assets/dirt_path.asset using Guid(6171528b343013144bec2a448ec901a9) Importer(815301076,1909f56bfc062723c751e8b465ee728b)  -> (artifact id: '329520497ba2af8a4a7a4e5d6ba0c9ad') in 0.005994 seconds 
Editor requested this worker to shutdown with reason: Scaling down because of idle timeout
AssetImportWorker is now disconnected from the server
Process exiting
Exiting without the bug reporter. Application will terminate with return code 0